<?xml version="1.0" encoding="UTF-8"?>
<testsuite xmlns:xsi="http://www.w3.org/2001/XMLSchema-instance" xsi:noNamespaceSchemaLocation="https://maven.apache.org/surefire/maven-surefire-plugin/xsd/surefire-test-report.xsd" name="com.debangis.AppTest" time="0.024" tests="1" errors="0" skipped="0" failures="0">
  <properties>
    <property name="sun.desktop" value="gnome"/>
    <property name="awt.toolkit" value="sun.awt.X11.XToolkit"/>
    <property name="java.specification.version" value="11"/>
    <property name="sun.cpu.isalist" value=""/>
    <property name="sun.jnu.encoding" value="UTF-8"/>
    <property name="java.class.path" value="/home/debangis/mosaic/scenarios/isolatedintersection/javaprogram/MosaicFuzzy/MosaicFuzzy/target/test-classes:/home/debangis/mosaic/scenarios/isolatedintersection/javaprogram/MosaicFuzzy/MosaicFuzzy/target/classes:/home/debangis/.m2/repository/junit/junit/4.11/junit-4.11.jar:/home/debangis/.m2/repository/org/hamcrest/hamcrest-core/1.3/hamcrest-core-1.3.jar:/home/debangis/.m2/repository/org/eclipse/mosaic/mosaic-application/24.0/mosaic-application-24.0.jar:/home/debangis/.m2/repository/org/eclipse/mosaic/mosaic-rti-api/24.0/mosaic-rti-api-24.0.jar:/home/debangis/.m2/repository/org/slf4j/slf4j-api/2.0.12/slf4j-api-2.0.12.jar:/home/debangis/.m2/repository/com/github/stephenc/findbugs/findbugs-annotations/1.3.9-1/findbugs-annotations-1.3.9-1.jar:/home/debangis/.m2/repository/com/google/code/gson/gson/2.10.1/gson-2.10.1.jar:/home/debangis/.m2/repository/com/google/guava/guava/32.1.1-jre/guava-32.1.1-jre.jar:/home/debangis/.m2/repository/com/google/code/findbugs/jsr305/3.0.2/jsr305-3.0.2.jar:/home/debangis/.m2/repository/org/apache/commons/commons-lang3/3.14.0/commons-lang3-3.14.0.jar:/home/debangis/.m2/repository/org/eclipse/mosaic/mosaic-docker/24.0/mosaic-docker-24.0.jar:/home/debangis/.m2/repository/commons-io/commons-io/2.15.0/commons-io-2.15.0.jar:/home/debangis/.m2/repository/org/eclipse/mosaic/mosaic-geomath/24.0/mosaic-geomath-24.0.jar:/home/debangis/.m2/repository/org/eclipse/mosaic/mosaic-utils/24.0/mosaic-utils-24.0.jar:/home/debangis/.m2/repository/org/apache/commons/commons-configuration2/2.5/commons-configuration2-2.5.jar:/home/debangis/.m2/repository/org/apache/commons/commons-text/1.6/commons-text-1.6.jar:/home/debangis/.m2/repository/commons-logging/commons-logging/1.2/commons-logging-1.2.jar:/home/debangis/.m2/repository/commons-jxpath/commons-jxpath/1.3/commons-jxpath-1.3.jar:/home/debangis/.m2/repository/commons-cli/commons-cli/1.6.0/commons-cli-1.6.0.jar:/home/debangis/.m2/repository/com/networknt/json-schema-validator/1.3.1/json-schema-validator-1.3.1.jar:/home/debangis/.m2/repository/com/ethlo/time/itu/1.8.0/itu-1.8.0.jar:/home/debangis/.m2/repository/com/fasterxml/jackson/core/jackson-databind/2.15.3/jackson-databind-2.15.3.jar:/home/debangis/.m2/repository/com/fasterxml/jackson/core/jackson-annotations/2.15.3/jackson-annotations-2.15.3.jar:/home/debangis/.m2/repository/org/eclipse/mosaic/mosaic-objects/24.0/mosaic-objects-24.0.jar:/home/debangis/.m2/repository/org/eclipse/mosaic/mosaic-interactions/24.0/mosaic-interactions-24.0.jar:/home/debangis/.m2/repository/org/eclipse/mosaic/mosaic-routing/24.0/mosaic-routing-24.0.jar:/home/debangis/.m2/repository/org/eclipse/mosaic/mosaic-database/24.0/mosaic-database-24.0.jar:/home/debangis/.m2/repository/org/xerial/sqlite-jdbc/3.42.0.0/sqlite-jdbc-3.42.0.0.jar:/home/debangis/.m2/repository/com/graphhopper/graphhopper-core/8.0/graphhopper-core-8.0.jar:/home/debangis/.m2/repository/com/graphhopper/graphhopper-web-api/8.0/graphhopper-web-api-8.0.jar:/home/debangis/.m2/repository/com/carrotsearch/hppc/0.8.1/hppc-0.8.1.jar:/home/debangis/.m2/repository/org/locationtech/jts/jts-core/1.19.0/jts-core-1.19.0.jar:/home/debangis/.m2/repository/com/fasterxml/jackson/core/jackson-core/2.13.5/jackson-core-2.13.5.jar:/home/debangis/.m2/repository/com/graphhopper/external/jackson-datatype-jts/2.14/jackson-datatype-jts-2.14.jar:/home/debangis/.m2/repository/ch/qos/logback/logback-classic/1.5.0/logback-classic-1.5.0.jar:/home/debangis/.m2/repository/ch/qos/logback/logback-core/1.5.0/logback-core-1.5.0.jar:/home/debangis/mosaic/scenarios/isolatedintersection/javaprogram/MosaicFuzzy/MosaicFuzzy/libs/jfuzzylite-6.0.1.jar:"/>
    <property name="java.vm.vendor" value="Ubuntu"/>
    <property name="sun.arch.data.model" value="64"/>
    <property name="java.vendor.url" value="https://ubuntu.com/"/>
    <property name="user.timezone" value=""/>
    <property name="java.vm.specification.version" value="11"/>
    <property name="os.name" value="Linux"/>
    <property name="sun.java.launcher" value="SUN_STANDARD"/>
    <property name="user.country" value="US"/>
    <property name="sun.boot.library.path" value="/usr/lib/jvm/java-11-openjdk-amd64/lib"/>
    <property name="sun.java.command" value="/home/debangis/mosaic/scenarios/isolatedintersection/javaprogram/MosaicFuzzy/MosaicFuzzy/target/surefire/surefirebooter13136754292140270836.jar /home/debangis/mosaic/scenarios/isolatedintersection/javaprogram/MosaicFuzzy/MosaicFuzzy/target/surefire 2024-04-04T05-49-38_531-jvmRun1 surefire1026773369730731314tmp surefire_013128946861907454158tmp"/>
    <property name="jdk.debug" value="release"/>
    <property name="surefire.test.class.path" value="/home/debangis/mosaic/scenarios/isolatedintersection/javaprogram/MosaicFuzzy/MosaicFuzzy/target/test-classes:/home/debangis/mosaic/scenarios/isolatedintersection/javaprogram/MosaicFuzzy/MosaicFuzzy/target/classes:/home/debangis/.m2/repository/junit/junit/4.11/junit-4.11.jar:/home/debangis/.m2/repository/org/hamcrest/hamcrest-core/1.3/hamcrest-core-1.3.jar:/home/debangis/.m2/repository/org/eclipse/mosaic/mosaic-application/24.0/mosaic-application-24.0.jar:/home/debangis/.m2/repository/org/eclipse/mosaic/mosaic-rti-api/24.0/mosaic-rti-api-24.0.jar:/home/debangis/.m2/repository/org/slf4j/slf4j-api/2.0.12/slf4j-api-2.0.12.jar:/home/debangis/.m2/repository/com/github/stephenc/findbugs/findbugs-annotations/1.3.9-1/findbugs-annotations-1.3.9-1.jar:/home/debangis/.m2/repository/com/google/code/gson/gson/2.10.1/gson-2.10.1.jar:/home/debangis/.m2/repository/com/google/guava/guava/32.1.1-jre/guava-32.1.1-jre.jar:/home/debangis/.m2/repository/com/google/code/findbugs/jsr305/3.0.2/jsr305-3.0.2.jar:/home/debangis/.m2/repository/org/apache/commons/commons-lang3/3.14.0/commons-lang3-3.14.0.jar:/home/debangis/.m2/repository/org/eclipse/mosaic/mosaic-docker/24.0/mosaic-docker-24.0.jar:/home/debangis/.m2/repository/commons-io/commons-io/2.15.0/commons-io-2.15.0.jar:/home/debangis/.m2/repository/org/eclipse/mosaic/mosaic-geomath/24.0/mosaic-geomath-24.0.jar:/home/debangis/.m2/repository/org/eclipse/mosaic/mosaic-utils/24.0/mosaic-utils-24.0.jar:/home/debangis/.m2/repository/org/apache/commons/commons-configuration2/2.5/commons-configuration2-2.5.jar:/home/debangis/.m2/repository/org/apache/commons/commons-text/1.6/commons-text-1.6.jar:/home/debangis/.m2/repository/commons-logging/commons-logging/1.2/commons-logging-1.2.jar:/home/debangis/.m2/repository/commons-jxpath/commons-jxpath/1.3/commons-jxpath-1.3.jar:/home/debangis/.m2/repository/commons-cli/commons-cli/1.6.0/commons-cli-1.6.0.jar:/home/debangis/.m2/repository/com/networknt/json-schema-validator/1.3.1/json-schema-validator-1.3.1.jar:/home/debangis/.m2/repository/com/ethlo/time/itu/1.8.0/itu-1.8.0.jar:/home/debangis/.m2/repository/com/fasterxml/jackson/core/jackson-databind/2.15.3/jackson-databind-2.15.3.jar:/home/debangis/.m2/repository/com/fasterxml/jackson/core/jackson-annotations/2.15.3/jackson-annotations-2.15.3.jar:/home/debangis/.m2/repository/org/eclipse/mosaic/mosaic-objects/24.0/mosaic-objects-24.0.jar:/home/debangis/.m2/repository/org/eclipse/mosaic/mosaic-interactions/24.0/mosaic-interactions-24.0.jar:/home/debangis/.m2/repository/org/eclipse/mosaic/mosaic-routing/24.0/mosaic-routing-24.0.jar:/home/debangis/.m2/repository/org/eclipse/mosaic/mosaic-database/24.0/mosaic-database-24.0.jar:/home/debangis/.m2/repository/org/xerial/sqlite-jdbc/3.42.0.0/sqlite-jdbc-3.42.0.0.jar:/home/debangis/.m2/repository/com/graphhopper/graphhopper-core/8.0/graphhopper-core-8.0.jar:/home/debangis/.m2/repository/com/graphhopper/graphhopper-web-api/8.0/graphhopper-web-api-8.0.jar:/home/debangis/.m2/repository/com/carrotsearch/hppc/0.8.1/hppc-0.8.1.jar:/home/debangis/.m2/repository/org/locationtech/jts/jts-core/1.19.0/jts-core-1.19.0.jar:/home/debangis/.m2/repository/com/fasterxml/jackson/core/jackson-core/2.13.5/jackson-core-2.13.5.jar:/home/debangis/.m2/repository/com/graphhopper/external/jackson-datatype-jts/2.14/jackson-datatype-jts-2.14.jar:/home/debangis/.m2/repository/ch/qos/logback/logback-classic/1.5.0/logback-classic-1.5.0.jar:/home/debangis/.m2/repository/ch/qos/logback/logback-core/1.5.0/logback-core-1.5.0.jar:/home/debangis/mosaic/scenarios/isolatedintersection/javaprogram/MosaicFuzzy/MosaicFuzzy/libs/jfuzzylite-6.0.1.jar:"/>
    <property name="sun.cpu.endian" value="little"/>
    <property name="user.home" value="/home/debangis"/>
    <property name="user.language" value="en"/>
    <property name="java.specification.vendor" value="Oracle Corporation"/>
    <property name="java.version.date" value="2024-01-16"/>
    <property name="java.home" value="/usr/lib/jvm/java-11-openjdk-amd64"/>
    <property name="file.separator" value="/"/>
    <property name="basedir" value="/home/debangis/mosaic/scenarios/isolatedintersection/javaprogram/MosaicFuzzy/MosaicFuzzy"/>
    <property name="java.vm.compressedOopsMode" value="Zero based"/>
    <property name="line.separator" value="&#10;"/>
    <property name="java.specification.name" value="Java Platform API Specification"/>
    <property name="java.vm.specification.vendor" value="Oracle Corporation"/>
    <property name="java.awt.graphicsenv" value="sun.awt.X11GraphicsEnvironment"/>
    <property name="surefire.real.class.path" value="/home/debangis/mosaic/scenarios/isolatedintersection/javaprogram/MosaicFuzzy/MosaicFuzzy/target/surefire/surefirebooter13136754292140270836.jar"/>
    <property name="sun.management.compiler" value="HotSpot 64-Bit Tiered Compilers"/>
    <property name="java.runtime.version" value="11.0.22+7-post-Ubuntu-0ubuntu220.04.1"/>
    <property name="user.name" value="debangis"/>
    <property name="path.separator" value=":"/>
    <property name="os.version" value="5.15.0-101-generic"/>
    <property name="java.runtime.name" value="OpenJDK Runtime Environment"/>
    <property name="file.encoding" value="UTF-8"/>
    <property name="java.vm.name" value="OpenJDK 64-Bit Server VM"/>
    <property name="localRepository" value="/home/debangis/.m2/repository"/>
    <property name="java.vendor.url.bug" value="https://bugs.launchpad.net/ubuntu/+source/openjdk-lts"/>
    <property name="java.io.tmpdir" value="/tmp"/>
    <property name="java.version" value="11.0.22"/>
    <property name="user.dir" value="/home/debangis/mosaic/scenarios/isolatedintersection/javaprogram/MosaicFuzzy/MosaicFuzzy"/>
    <property name="os.arch" value="amd64"/>
    <property name="java.vm.specification.name" value="Java Virtual Machine Specification"/>
    <property name="java.awt.printerjob" value="sun.print.PSPrinterJob"/>
    <property name="sun.os.patch.level" value="unknown"/>
    <property name="java.library.path" value="/usr/java/packages/lib:/usr/lib/x86_64-linux-gnu/jni:/lib/x86_64-linux-gnu:/usr/lib/x86_64-linux-gnu:/usr/lib/jni:/lib:/usr/lib"/>
    <property name="java.vm.info" value="mixed mode, sharing"/>
    <property name="java.vendor" value="Ubuntu"/>
    <property name="java.vm.version" value="11.0.22+7-post-Ubuntu-0ubuntu220.04.1"/>
    <property name="java.specification.maintenance.version" value="2"/>
    <property name="sun.io.unicode.encoding" value="UnicodeLittle"/>
    <property name="java.class.version" value="55.0"/>
  </properties>
  <testcase name="shouldAnswerWithTrue" classname="com.debangis.AppTest" time="0.001"/>
</testsuite>